<?xml version="1.0" encoding="UTF-8"?>
<testng-results ignored="0" total="1" passed="1" failed="0" skipped="0">
  <reporter-output>
  </reporter-output>
  <suite started-at="2021-02-22T19:26:04 BDT" name="Default suite" finished-at="2023-06-07T10:26:36 BDT" duration-ms="31943">
    <groups>
    </groups>
    <test started-at="2021-02-22T19:26:04 BDT" name="Default test" finished-at="2023-06-07T10:26:36 BDT" duration-ms="31943">
      <class name="Shwapno">
        <test-method signature="chooseLocation()[pri:0, instance:Shwapno@6bbe85a8]" started-at="2021-02-22T19:26:04 BDT" name="chooseLocation" finished-at="2021-02-22T19:26:36 BDT" duration-ms="31915" status="PASS">
          <reporter-output>
          </reporter-output>
        </test-method> <!-- chooseLocation -->
      </class> <!-- Shwapno -->
    </test> <!-- Default test -->
  </suite> <!-- Default suite -->
</testng-results>
